<?xml version="1.0" encoding="utf-8"?>
<CoverageSession xmlns:xsd="http://www.w3.org/2001/XMLSchema" xmlns:xsi="http://www.w3.org/2001/XMLSchema-instance">
  <Summary numSequencePoints="0" visitedSequencePoints="0" numBranchPoints="0" visitedBranchPoints="0" sequenceCoverage="0" branchCoverage="0" maxCyclomaticComplexity="0" minCyclomaticComplexity="0" visitedClasses="0" numClasses="0" visitedMethods="0" numMethods="0" />
  <Modules>
    <Module skippedDueTo="Filter" hash="78-86-CA-91-BC-E9-44-44-8A-FE-35-6A-EA-51-55-5A-F6-5A-42-46">
      <FullName>C:\WINDOWS\Microsoft.Net\assembly\GAC_32\mscorlib\v4.0_4.0.0.0__b77a5c561934e089\mscorlib.dll</FullName>
      <ModuleName>mscorlib</ModuleName>
      <Classes />
    </Module>
    <Module skippedDueTo="Filter" hash="">
      <FullName>Microsoft.Dnx.Host.Clr.dll</FullName>
      <ModuleName>Microsoft.Dnx.Host.Clr</ModuleName>
      <Classes />
    </Module>
    <Module skippedDueTo="Filter" hash="EE-77-8B-34-FE-47-61-EA-AD-62-7D-B3-79-79-9C-B7-64-F3-12-03">
      <FullName>C:\WINDOWS\Microsoft.Net\assembly\GAC_MSIL\System\v4.0_4.0.0.0__b77a5c561934e089\System.dll</FullName>
      <ModuleName>System</ModuleName>
      <Classes />
    </Module>
    <Module skippedDueTo="Filter" hash="D9-BB-1E-E3-62-86-E7-DF-92-59-A0-B7-78-39-12-42-D8-4C-57-29">
      <FullName>C:\Users\Habart\.dnx\runtimes\dnx-clr-win-x86.1.0.0-rc1-update1\bin\Microsoft.Dnx.Host.dll</FullName>
      <ModuleName>Microsoft.Dnx.Host</ModuleName>
      <Classes />
    </Module>
    <Module skippedDueTo="Filter" hash="9C-DB-95-DC-25-D5-38-7E-C2-3A-20-8F-14-5D-A9-56-2A-D7-00-E3">
      <FullName>C:\WINDOWS\Microsoft.Net\assembly\GAC_MSIL\System.Configuration\v4.0_4.0.0.0__b03f5f7f11d50a3a\System.Configuration.dll</FullName>
      <ModuleName>System.Configuration</ModuleName>
      <Classes />
    </Module>
    <Module skippedDueTo="Filter" hash="F7-E9-75-D6-35-98-70-4A-0F-45-76-1B-B3-83-70-38-5E-DF-02-47">
      <FullName>C:\WINDOWS\Microsoft.Net\assembly\GAC_MSIL\System.Xml\v4.0_4.0.0.0__b77a5c561934e089\System.Xml.dll</FullName>
      <ModuleName>System.Xml</ModuleName>
      <Classes />
    </Module>
    <Module skippedDueTo="Filter" hash="A5-3F-37-6F-61-B1-D7-51-19-0E-AF-82-55-B4-1E-5F-32-DF-FD-8C">
      <FullName>C:\Users\Habart\.dnx\runtimes\dnx-clr-win-x86.1.0.0-rc1-update1\bin\Microsoft.Extensions.PlatformAbstractions.dll</FullName>
      <ModuleName>Microsoft.Extensions.PlatformAbstractions</ModuleName>
      <Classes />
    </Module>
    <Module skippedDueTo="Filter" hash="31-76-6A-81-5B-45-2B-B2-02-8C-E4-69-D2-C3-8F-87-B1-54-25-E8">
      <FullName>C:\WINDOWS\Microsoft.Net\assembly\GAC_MSIL\System.Core\v4.0_4.0.0.0__b77a5c561934e089\System.Core.dll</FullName>
      <ModuleName>System.Core</ModuleName>
      <Classes />
    </Module>
    <Module skippedDueTo="Filter" hash="0A-C0-9C-1A-C1-B5-B2-D3-BD-6E-83-DB-B6-D3-30-CB-91-BD-3B-6C">
      <FullName>C:\Users\Habart\.dnx\runtimes\dnx-clr-win-x86.1.0.0-rc1-update1\bin\Microsoft.Dnx.Loader.dll</FullName>
      <ModuleName>Microsoft.Dnx.Loader</ModuleName>
      <Classes />
    </Module>
    <Module skippedDueTo="Filter" hash="02-47-AC-CE-9F-A0-9A-D8-BD-77-55-89-25-44-D1-B4-31-64-A3-05">
      <FullName>C:\Users\Habart\.dnx\runtimes\dnx-clr-win-x86.1.0.0-rc1-update1\bin\Microsoft.Dnx.ApplicationHost.dll</FullName>
      <ModuleName>Microsoft.Dnx.ApplicationHost</ModuleName>
      <Classes />
    </Module>
    <Module skippedDueTo="Filter" hash="C3-04-EE-0E-B8-02-1F-A7-4C-27-57-21-90-E0-D6-18-63-C7-6E-D1">
      <FullName>C:\Users\Habart\.dnx\runtimes\dnx-clr-win-x86.1.0.0-rc1-update1\bin\Microsoft.Dnx.Runtime.dll</FullName>
      <ModuleName>Microsoft.Dnx.Runtime</ModuleName>
      <Classes />
    </Module>
    <Module skippedDueTo="Filter" hash="99-3B-E4-11-AD-19-DF-0F-B9-DE-AB-BB-A0-F8-0F-E4-24-54-9C-7B">
      <FullName>C:\Users\Habart\.dnx\runtimes\dnx-clr-win-x86.1.0.0-rc1-update1\bin\Microsoft.Dnx.Compilation.dll</FullName>
      <ModuleName>Microsoft.Dnx.Compilation</ModuleName>
      <Classes />
    </Module>
    <Module skippedDueTo="Filter" hash="64-60-A2-A3-27-2B-2E-F3-F3-99-EB-C5-A3-86-E7-44-43-58-E5-D8">
      <FullName>C:\Users\Habart\.dnx\runtimes\dnx-clr-win-x86.1.0.0-rc1-update1\bin\Microsoft.Dnx.Compilation.Abstractions.dll</FullName>
      <ModuleName>Microsoft.Dnx.Compilation.Abstractions</ModuleName>
      <Classes />
    </Module>
    <Module skippedDueTo="Filter" hash="F0-9E-F2-CF-E4-2C-75-73-E3-B5-66-27-42-62-D1-7A-95-6B-D2-E9">
      <FullName>c:\Project\OTHERS\SimpleIdentityServer\SimpleIdentityServer\VNEXT\packages\xunit.runner.dnx\2.1.0-rc1-build204\lib\dnx451\xunit.runner.dnx.dll</FullName>
      <ModuleName>xunit.runner.dnx</ModuleName>
      <Classes />
    </Module>
    <Module skippedDueTo="Filter" hash="1C-11-24-7E-82-37-B7-B4-18-34-B8-29-CE-92-D3-1C-B1-06-FF-78">
      <FullName>c:\Project\OTHERS\SimpleIdentityServer\SimpleIdentityServer\VNEXT\packages\xunit.runner.utility\2.1.0\lib\dnx451\xunit.runner.utility.dotnet.dll</FullName>
      <ModuleName>xunit.runner.utility.dotnet</ModuleName>
      <Classes />
    </Module>
    <Module skippedDueTo="Filter" hash="0F-9F-A3-39-21-7F-A6-A8-62-42-36-5D-39-6A-E3-44-A3-53-08-C2">
      <FullName>C:\WINDOWS\Microsoft.Net\assembly\GAC_MSIL\System.Runtime\v4.0_4.0.0.0__b03f5f7f11d50a3a\System.Runtime.dll</FullName>
      <ModuleName>System.Runtime</ModuleName>
      <Classes />
    </Module>
    <Module skippedDueTo="Filter" hash="9E-A9-5D-7F-86-82-4D-02-7D-07-AD-C0-17-06-5D-73-8F-1F-28-44">
      <FullName>c:\Project\OTHERS\SimpleIdentityServer\SimpleIdentityServer\VNEXT\packages\xunit.abstractions\2.0.0\lib\net35\xunit.abstractions.dll</FullName>
      <ModuleName>xunit.abstractions</ModuleName>
      <Classes />
    </Module>
    <Module skippedDueTo="Filter" hash="BC-C1-E0-36-81-C1-16-A2-56-29-07-48-2A-3C-9C-5E-B1-D9-2C-C6">
      <FullName>c:\Project\OTHERS\SimpleIdentityServer\SimpleIdentityServer\VNEXT\packages\xunit.runner.reporters\2.1.0\lib\dnx451\xunit.runner.reporters.dotnet.dll</FullName>
      <ModuleName>xunit.runner.reporters.dotnet</ModuleName>
      <Classes />
    </Module>
    <Module skippedDueTo="Filter" hash="81-88-8D-26-F1-B8-6B-46-8E-CB-45-56-03-46-B8-97-A1-B0-91-EF">
      <FullName>C:\WINDOWS\Microsoft.Net\assembly\GAC_MSIL\System.Threading.Tasks\v4.0_4.0.0.0__b03f5f7f11d50a3a\System.Threading.Tasks.dll</FullName>
      <ModuleName>System.Threading.Tasks</ModuleName>
      <Classes />
    </Module>
    <Module skippedDueTo="Filter" hash="89-DD-2A-3B-C0-B4-7D-15-D9-76-B9-27-55-4B-FA-41-13-70-B3-D7">
      <FullName>C:\WINDOWS\Microsoft.Net\assembly\GAC_MSIL\System.Net.Http\v4.0_4.0.0.0__b03f5f7f11d50a3a\System.Net.Http.dll</FullName>
      <ModuleName>System.Net.Http</ModuleName>
      <Classes />
    </Module>
    <Module skippedDueTo="Filter" hash="33-D9-48-00-DA-CE-77-57-E1-CC-68-0E-64-33-BE-A7-89-A6-2B-DA">
      <FullName>C:\Users\Habart\.dnx\runtimes\dnx-clr-win-x86.1.0.0-rc1-update1\bin\Microsoft.Dnx.Compilation.CSharp.dll</FullName>
      <ModuleName>Microsoft.Dnx.Compilation.CSharp</ModuleName>
      <Classes />
    </Module>
    <Module skippedDueTo="Filter" hash="BF-61-93-E5-BE-DE-84-F0-D1-63-3C-FC-10-5B-DC-51-55-62-98-5A">
      <FullName>C:\Users\Habart\.dnx\runtimes\dnx-clr-win-x86.1.0.0-rc1-update1\bin\Microsoft.CodeAnalysis.dll</FullName>
      <ModuleName>Microsoft.CodeAnalysis</ModuleName>
      <Classes />
    </Module>
    <Module skippedDueTo="Filter" hash="E3-5F-DE-18-90-9C-1C-B9-1A-E2-BB-CE-E8-44-05-93-9B-3D-DB-5D">
      <FullName>C:\WINDOWS\Microsoft.Net\assembly\GAC_MSIL\System.Collections.Immutable\v4.0_1.1.37.0__b03f5f7f11d50a3a\System.Collections.Immutable.dll</FullName>
      <ModuleName>System.Collections.Immutable</ModuleName>
      <Classes />
    </Module>
    <Module skippedDueTo="Filter" hash="8B-49-23-55-19-71-0C-6F-19-A0-F3-CD-1F-90-9A-55-62-C0-6A-E9">
      <FullName>C:\Users\Habart\.dnx\runtimes\dnx-clr-win-x86.1.0.0-rc1-update1\bin\Microsoft.Dnx.Compilation.CSharp.Abstractions.dll</FullName>
      <ModuleName>Microsoft.Dnx.Compilation.CSharp.Abstractions</ModuleName>
      <Classes />
    </Module>
    <Module skippedDueTo="Filter" hash="A1-6D-A4-AA-92-A6-AF-BF-A3-F4-8D-CF-31-35-78-A8-6D-BD-AE-5D">
      <FullName>C:\Users\Habart\.dnx\runtimes\dnx-clr-win-x86.1.0.0-rc1-update1\bin\Microsoft.Dnx.Compilation.CSharp.Common.dll</FullName>
      <ModuleName>Microsoft.Dnx.Compilation.CSharp.Common</ModuleName>
      <Classes />
    </Module>
    <Module skippedDueTo="Filter" hash="6D-35-B1-36-36-38-DF-A8-66-59-F3-6E-29-7D-B7-85-84-8B-70-36">
      <FullName>C:\Users\Habart\.dnx\runtimes\dnx-clr-win-x86.1.0.0-rc1-update1\bin\Microsoft.CodeAnalysis.CSharp.dll</FullName>
      <ModuleName>Microsoft.CodeAnalysis.CSharp</ModuleName>
      <Classes />
    </Module>
    <Module skippedDueTo="Filter" hash="3B-C7-D4-BF-AD-54-04-E8-2E-55-B8-41-F4-EB-4D-5C-BE-08-41-EB">
      <FullName>C:\WINDOWS\Microsoft.Net\assembly\GAC_MSIL\System.IO\v4.0_4.0.0.0__b03f5f7f11d50a3a\System.IO.dll</FullName>
      <ModuleName>System.IO</ModuleName>
      <Classes />
    </Module>
    <Module skippedDueTo="Filter" hash="D4-9E-E5-F2-84-DD-69-55-6D-B7-62-06-4D-AC-56-E6-E9-41-BE-54">
      <FullName>C:\Users\Habart\.dnx\runtimes\dnx-clr-win-x86.1.0.0-rc1-update1\bin\System.Reflection.Metadata.dll</FullName>
      <ModuleName>System.Reflection.Metadata</ModuleName>
      <Classes />
    </Module>
    <Module skippedDueTo="Filter" hash="52-29-75-02-99-18-3B-78-51-4F-72-1B-D3-0F-46-A9-1D-CA-6A-C5">
      <FullName>C:\WINDOWS\Microsoft.Net\assembly\GAC_MSIL\System.Linq\v4.0_4.0.0.0__b03f5f7f11d50a3a\System.Linq.dll</FullName>
      <ModuleName>System.Linq</ModuleName>
      <Classes />
    </Module>
    <Module skippedDueTo="Filter" hash="E5-47-DF-DB-F9-44-F7-01-45-88-53-04-81-38-D1-35-A9-F1-C7-BC">
      <FullName>C:\WINDOWS\Microsoft.Net\assembly\GAC_MSIL\System.Collections\v4.0_4.0.0.0__b03f5f7f11d50a3a\System.Collections.dll</FullName>
      <ModuleName>System.Collections</ModuleName>
      <Classes />
    </Module>
    <Module skippedDueTo="Filter" hash="9F-05-4A-66-D2-10-C7-10-B9-B6-E0-C2-8B-2B-1D-B3-B0-80-DF-44">
      <FullName>C:\WINDOWS\Microsoft.Net\assembly\GAC_MSIL\System.Globalization\v4.0_4.0.0.0__b03f5f7f11d50a3a\System.Globalization.dll</FullName>
      <ModuleName>System.Globalization</ModuleName>
      <Classes />
    </Module>
    <Module skippedDueTo="Filter" hash="0F-32-0B-38-46-06-C7-DE-9E-91-FE-70-1F-D2-1D-D5-7C-29-17-C0">
      <FullName>C:\WINDOWS\Microsoft.Net\assembly\GAC_MSIL\System.Runtime.Extensions\v4.0_4.0.0.0__b03f5f7f11d50a3a\System.Runtime.Extensions.dll</FullName>
      <ModuleName>System.Runtime.Extensions</ModuleName>
      <Classes />
    </Module>
    <Module skippedDueTo="Filter" hash="1D-0F-80-A3-CE-AC-34-50-FC-B2-70-CD-50-8E-69-7A-7C-24-7C-5B">
      <FullName>C:\WINDOWS\Microsoft.Net\assembly\GAC_MSIL\System.Text.Encoding\v4.0_4.0.0.0__b03f5f7f11d50a3a\System.Text.Encoding.dll</FullName>
      <ModuleName>System.Text.Encoding</ModuleName>
      <Classes />
    </Module>
    <Module skippedDueTo="Filter" hash="CF-1A-E4-C3-D8-CF-32-48-06-B3-8B-C4-45-27-5C-DE-0F-3E-48-2E">
      <FullName>C:\WINDOWS\Microsoft.Net\assembly\GAC_MSIL\System.Text.Encoding.Extensions\v4.0_4.0.0.0__b03f5f7f11d50a3a\System.Text.Encoding.Extensions.dll</FullName>
      <ModuleName>System.Text.Encoding.Extensions</ModuleName>
      <Classes />
    </Module>
    <Module skippedDueTo="Filter" hash="1A-4F-FB-C9-E4-BA-9A-44-CC-5E-02-41-D9-55-3F-65-5C-73-FD-55">
      <FullName>C:\WINDOWS\Microsoft.Net\assembly\GAC_MSIL\System.Reflection\v4.0_4.0.0.0__b03f5f7f11d50a3a\System.Reflection.dll</FullName>
      <ModuleName>System.Reflection</ModuleName>
      <Classes />
    </Module>
    <Module skippedDueTo="Filter" hash="A2-B8-00-C5-ED-EB-89-DA-95-D1-D5-CE-3F-E6-AF-0C-1F-05-E8-52">
      <FullName>C:\WINDOWS\Microsoft.Net\assembly\GAC_MSIL\System.Dynamic.Runtime\v4.0_4.0.0.0__b03f5f7f11d50a3a\System.Dynamic.Runtime.dll</FullName>
      <ModuleName>System.Dynamic.Runtime</ModuleName>
      <Classes />
    </Module>
    <Module skippedDueTo="Filter" hash="79-E7-3F-B7-6C-B7-93-B9-F9-D7-AF-D0-AA-58-C9-75-5C-8F-0A-92">
      <FullName>C:\WINDOWS\Microsoft.Net\assembly\GAC_MSIL\System.Threading\v4.0_4.0.0.0__b03f5f7f11d50a3a\System.Threading.dll</FullName>
      <ModuleName>System.Threading</ModuleName>
      <Classes />
    </Module>
    <Module skippedDueTo="Filter" hash="B4-A0-69-08-54-95-6A-AB-3C-55-FA-F7-D2-FB-33-9E-97-0B-F2-D9">
      <FullName>C:\WINDOWS\Microsoft.Net\assembly\GAC_MSIL\System.Collections.Concurrent\v4.0_4.0.0.0__b03f5f7f11d50a3a\System.Collections.Concurrent.dll</FullName>
      <ModuleName>System.Collections.Concurrent</ModuleName>
      <Classes />
    </Module>
    <Module skippedDueTo="Filter" hash="F7-8F-52-B5-15-C7-07-E5-3F-20-82-E0-21-DD-0D-B6-8B-F0-7C-83">
      <FullName>C:\WINDOWS\Microsoft.Net\assembly\GAC_MSIL\System.Runtime.InteropServices\v4.0_4.0.0.0__b03f5f7f11d50a3a\System.Runtime.InteropServices.dll</FullName>
      <ModuleName>System.Runtime.InteropServices</ModuleName>
      <Classes />
    </Module>
    <Module skippedDueTo="Filter" hash="AE-37-FD-5D-B5-CD-1F-93-4D-77-EB-9A-EF-75-09-35-E6-6E-10-CA">
      <FullName>C:\WINDOWS\Microsoft.Net\assembly\GAC_MSIL\System.Threading.Tasks.Parallel\v4.0_4.0.0.0__b03f5f7f11d50a3a\System.Threading.Tasks.Parallel.dll</FullName>
      <ModuleName>System.Threading.Tasks.Parallel</ModuleName>
      <Classes />
    </Module>
    <Module skippedDueTo="Filter" hash="45-67-46-11-DD-F7-D3-73-B7-5A-E9-BC-F3-21-06-DB-CF-B7-5F-5C">
      <FullName>C:\WINDOWS\Microsoft.Net\assembly\GAC_MSIL\System.Reflection.Primitives\v4.0_4.0.0.0__b03f5f7f11d50a3a\System.Reflection.Primitives.dll</FullName>
      <ModuleName>System.Reflection.Primitives</ModuleName>
      <Classes />
    </Module>
    <Module skippedDueTo="Filter" hash="A4-97-87-3E-17-A4-2E-F6-6C-B5-33-C5-6E-04-94-8B-57-A6-D8-5D">
      <FullName>C:\WINDOWS\Microsoft.Net\assembly\GAC_MSIL\System.Reflection.Extensions\v4.0_4.0.0.0__b03f5f7f11d50a3a\System.Reflection.Extensions.dll</FullName>
      <ModuleName>System.Reflection.Extensions</ModuleName>
      <Classes />
    </Module>
    <Module skippedDueTo="Filter" hash="07-C3-5C-C1-5B-0E-FA-7B-BC-58-F8-B0-8A-14-1B-EA-D1-DD-18-F9">
      <FullName>C:\WINDOWS\Microsoft.Net\assembly\GAC_MSIL\System.Resources.ResourceManager\v4.0_4.0.0.0__b03f5f7f11d50a3a\System.Resources.ResourceManager.dll</FullName>
      <ModuleName>System.Resources.ResourceManager</ModuleName>
      <Classes />
    </Module>
    <Module skippedDueTo="Filter" hash="4E-3D-D2-9A-F4-20-94-C2-47-3C-F7-08-FF-FB-A5-2C-E3-2F-DC-98">
      <FullName>C:\WINDOWS\Microsoft.Net\assembly\GAC_MSIL\System.Xml.XDocument\v4.0_4.0.0.0__b03f5f7f11d50a3a\System.Xml.XDocument.dll</FullName>
      <ModuleName>System.Xml.XDocument</ModuleName>
      <Classes />
    </Module>
    <Module skippedDueTo="Filter" hash="68-53-17-3A-35-94-E7-F4-1C-74-36-22-12-61-37-77-EE-E2-27-85">
      <FullName>C:\WINDOWS\Microsoft.Net\assembly\GAC_MSIL\System.Xml.Linq\v4.0_4.0.0.0__b77a5c561934e089\System.Xml.Linq.dll</FullName>
      <ModuleName>System.Xml.Linq</ModuleName>
      <Classes />
    </Module>
    <Module skippedDueTo="Filter" hash="90-2F-43-35-72-88-30-07-63-60-C0-7C-88-67-20-A4-56-58-1A-B3">
      <FullName>C:\WINDOWS\Microsoft.Net\assembly\GAC_MSIL\System.Xml.ReaderWriter\v4.0_4.0.0.0__b03f5f7f11d50a3a\System.Xml.ReaderWriter.dll</FullName>
      <ModuleName>System.Xml.ReaderWriter</ModuleName>
      <Classes />
    </Module>
    <Module skippedDueTo="Filter" hash="">
      <FullName>SimpleIdentityServer.Core.UnitTests.dll</FullName>
      <ModuleName>SimpleIdentityServer.Core.UnitTests</ModuleName>
      <Classes />
    </Module>
    <Module skippedDueTo="Filter" hash="CF-76-35-46-01-E8-3D-F1-71-BB-D5-1B-56-12-DE-46-35-5D-A2-DA">
      <FullName>c:\Project\OTHERS\SimpleIdentityServer\SimpleIdentityServer\VNEXT\packages\Microsoft.Dnx.Testing.Abstractions\1.0.0-rc1-final\lib\net451\Microsoft.Dnx.Testing.Abstractions.dll</FullName>
      <ModuleName>Microsoft.Dnx.Testing.Abstractions</ModuleName>
      <Classes />
    </Module>
    <Module skippedDueTo="Filter" hash="32-05-E6-E1-25-BC-9E-97-1F-E3-82-67-36-C6-5F-E8-96-CB-DC-EC">
      <FullName>C:\WINDOWS\Microsoft.Net\assembly\GAC_MSIL\System.Text.RegularExpressions\v4.0_4.0.0.0__b03f5f7f11d50a3a\System.Text.RegularExpressions.dll</FullName>
      <ModuleName>System.Text.RegularExpressions</ModuleName>
      <Classes />
    </Module>
    <Module skippedDueTo="Filter" hash="10-C6-4B-9C-07-CF-88-97-2D-5D-C1-C8-CC-10-30-4E-E6-B6-C4-4E">
      <FullName>c:\Project\OTHERS\SimpleIdentityServer\SimpleIdentityServer\VNEXT\packages\xunit.extensibility.execution\2.1.0\lib\dnx451\xunit.execution.dotnet.dll</FullName>
      <ModuleName>xunit.execution.dotnet</ModuleName>
      <Classes />
    </Module>
    <Module skippedDueTo="Filter" hash="9F-06-B1-CA-CB-A0-C1-4D-45-F5-AA-8F-72-C0-DF-0F-F4-EF-29-CF">
      <FullName>c:\Project\OTHERS\SimpleIdentityServer\SimpleIdentityServer\VNEXT\packages\xunit.extensibility.core\2.1.0\lib\dotnet\xunit.core.dll</FullName>
      <ModuleName>xunit.core</ModuleName>
      <Classes />
    </Module>
    <Module skippedDueTo="Filter" hash="BC-A5-01-5E-EC-AC-BF-EF-FF-46-0A-E4-FE-04-97-46-46-6A-DB-E3">
      <FullName>C:\WINDOWS\Microsoft.Net\assembly\GAC_MSIL\System.Linq.Expressions\v4.0_4.0.0.0__b03f5f7f11d50a3a\System.Linq.Expressions.dll</FullName>
      <ModuleName>System.Linq.Expressions</ModuleName>
      <Classes />
    </Module>
    <Module skippedDueTo="Filter" hash="">
      <FullName>RefEmit_InMemoryManifestModule</FullName>
      <ModuleName>Anonymously Hosted DynamicMethods Assembly</ModuleName>
      <Classes />
    </Module>
    <Module skippedDueTo="Filter" hash="07-45-D5-E5-64-A5-50-1F-70-A0-AC-85-75-89-96-B5-69-A5-81-0F">
      <FullName>c:\Project\OTHERS\SimpleIdentityServer\SimpleIdentityServer\VNEXT\packages\xunit.assert\2.1.0\lib\dotnet\xunit.assert.dll</FullName>
      <ModuleName>xunit.assert</ModuleName>
      <Classes />
    </Module>
    <Module skippedDueTo="Filter" hash="5C-82-3D-6B-CB-03-C8-CD-BF-6F-93-63-77-3D-AB-42-83-8E-5F-E4">
      <FullName>c:\Project\OTHERS\SimpleIdentityServer\SimpleIdentityServer\VNEXT\packages\Moq\4.2.1510.2205\lib\net40\Moq.dll</FullName>
      <ModuleName>Moq</ModuleName>
      <Classes />
    </Module>
    <Module skippedDueTo="Filter" hash="C4-B3-E8-83-A7-4D-FC-D8-83-FD-01-4D-79-7F-E1-72-C7-1B-24-8E">
      <FullName>C:\WINDOWS\Microsoft.Net\assembly\GAC_MSIL\System.Diagnostics.Debug\v4.0_4.0.0.0__b03f5f7f11d50a3a\System.Diagnostics.Debug.dll</FullName>
      <ModuleName>System.Diagnostics.Debug</ModuleName>
      <Classes />
    </Module>
    <Module skippedDueTo="MissingPdb" hash="">
      <FullName>SimpleIdentityServer.Core.dll</FullName>
      <ModuleName>SimpleIdentityServer.Core</ModuleName>
      <Classes />
    </Module>
    <Module skippedDueTo="Filter" hash="">
      <FullName>SimpleIdentityServer.Logging.dll</FullName>
      <ModuleName>SimpleIdentityServer.Logging</ModuleName>
      <Classes />
    </Module>
    <Module skippedDueTo="Filter" hash="">
      <FullName>RefEmit_InMemoryManifestModule</FullName>
      <ModuleName>DynamicProxyGenAssembly2</ModuleName>
      <Classes />
    </Module>
    <Module skippedDueTo="Filter" hash="">
      <FullName>SimpleIdentityServer.Core.Jwt.dll</FullName>
      <ModuleName>SimpleIdentityServer.Core.Jwt</ModuleName>
      <Classes />
    </Module>
    <Module skippedDueTo="Filter" hash="">
      <FullName>RefEmit_InMemoryManifestModule</FullName>
      <ModuleName>DynamicProxyGenAssembly2</ModuleName>
      <Classes />
    </Module>
    <Module skippedDueTo="Filter" hash="">
      <FullName>SimpleIdentityServer.Core.Common.dll</FullName>
      <ModuleName>SimpleIdentityServer.Core.Common</ModuleName>
      <Classes />
    </Module>
    <Module skippedDueTo="Filter" hash="D1-E5-AC-AB-DF-89-EF-36-FA-C3-C2-47-47-DC-83-A6-08-4C-A6-50">
      <FullName>C:\WINDOWS\Microsoft.Net\assembly\GAC_MSIL\System.Runtime.Serialization\v4.0_4.0.0.0__b77a5c561934e089\System.Runtime.Serialization.dll</FullName>
      <ModuleName>System.Runtime.Serialization</ModuleName>
      <Classes />
    </Module>
    <Module skippedDueTo="Filter" hash="17-D2-B2-71-73-46-AF-51-F7-9A-9F-28-F7-BB-51-1D-8E-DF-CF-42">
      <FullName>C:\WINDOWS\Microsoft.Net\assembly\GAC_MSIL\SMDiagnostics\v4.0_4.0.0.0__b77a5c561934e089\SMDiagnostics.dll</FullName>
      <ModuleName>SMDiagnostics</ModuleName>
      <Classes />
    </Module>
    <Module skippedDueTo="Filter" hash="BC-73-FB-90-98-40-AC-AF-59-BA-B1-B4-D8-62-DB-E5-06-33-1E-C5">
      <FullName>C:\WINDOWS\Microsoft.Net\assembly\GAC_MSIL\System.ServiceModel.Internals\v4.0_4.0.0.0__31bf3856ad364e35\System.ServiceModel.Internals.dll</FullName>
      <ModuleName>System.ServiceModel.Internals</ModuleName>
      <Classes />
    </Module>
    <Module skippedDueTo="Filter" hash="">
      <FullName>SimpleIdentityServer.DataAccess.Fake.dll</FullName>
      <ModuleName>SimpleIdentityServer.DataAccess.Fake</ModuleName>
      <Classes />
    </Module>
    <Module skippedDueTo="Filter" hash="38-16-A0-35-28-E0-03-F2-57-46-C0-3A-C5-65-ED-ED-9E-AE-74-EC">
      <FullName>c:\Project\OTHERS\SimpleIdentityServer\SimpleIdentityServer\VNEXT\packages\Unity\2.1.505\lib\NET35\Microsoft.Practices.Unity.dll</FullName>
      <ModuleName>Microsoft.Practices.Unity</ModuleName>
      <Classes />
    </Module>
    <Module skippedDueTo="Filter" hash="">
      <FullName>SimpleIdentityServer.Common.dll</FullName>
      <ModuleName>SimpleIdentityServer.Common</ModuleName>
      <Classes />
    </Module>
    <Module skippedDueTo="Filter" hash="83-A7-AC-A7-94-93-CF-44-03-54-13-06-6E-76-C1-AE-60-EF-BA-1F">
      <FullName>C:\WINDOWS\Microsoft.Net\assembly\GAC_MSIL\System.Web.Extensions\v4.0_4.0.0.0__31bf3856ad364e35\System.Web.Extensions.dll</FullName>
      <ModuleName>System.Web.Extensions</ModuleName>
      <Classes />
    </Module>
    <Module skippedDueTo="Filter" hash="90-96-36-BC-03-16-A4-2B-36-4F-7A-00-96-AE-3D-F1-04-B2-0B-AD">
      <FullName>c:\Project\OTHERS\SimpleIdentityServer\SimpleIdentityServer\VNEXT\packages\Microsoft.AspNet.Mvc.Core\6.0.0-rc1-final\lib\net451\Microsoft.AspNet.Mvc.Core.dll</FullName>
      <ModuleName>Microsoft.AspNet.Mvc.Core</ModuleName>
      <Classes />
    </Module>
    <Module skippedDueTo="Filter" hash="65-D4-70-76-E1-CB-58-CB-08-19-3F-8F-B4-C8-14-92-BE-AC-31-C3">
      <FullName>C:\WINDOWS\Microsoft.Net\assembly\GAC_32\System.Web\v4.0_4.0.0.0__b03f5f7f11d50a3a\System.Web.dll</FullName>
      <ModuleName>System.Web</ModuleName>
      <Classes />
    </Module>
    <Module skippedDueTo="Filter" hash="A7-62-C5-67-19-90-EB-E1-05-8E-6C-2E-0E-92-CB-CA-74-B7-FA-87">
      <FullName>c:\Project\OTHERS\SimpleIdentityServer\SimpleIdentityServer\VNEXT\packages\Microsoft.AspNet.Mvc.Abstractions\6.0.0-rc1-final\lib\net451\Microsoft.AspNet.Mvc.Abstractions.dll</FullName>
      <ModuleName>Microsoft.AspNet.Mvc.Abstractions</ModuleName>
      <Classes />
    </Module>
    <Module skippedDueTo="Filter" hash="6F-05-72-3F-A2-66-88-B6-97-A5-C7-2A-D6-EA-C6-DF-6D-5D-B9-24">
      <FullName>c:\Project\OTHERS\SimpleIdentityServer\SimpleIdentityServer\VNEXT\packages\Microsoft.Net.Http.Headers\1.0.0-rc1-final\lib\net451\Microsoft.Net.Http.Headers.dll</FullName>
      <ModuleName>Microsoft.Net.Http.Headers</ModuleName>
      <Classes />
    </Module>
    <Module skippedDueTo="Filter" hash="3B-D5-28-57-D3-74-BE-83-3E-34-84-35-F1-66-D7-BE-0C-1E-A1-71">
      <FullName>c:\Project\OTHERS\SimpleIdentityServer\SimpleIdentityServer\VNEXT\packages\Microsoft.AspNet.Mvc.Formatters.Json\6.0.0-rc1-final\lib\net451\Microsoft.AspNet.Mvc.Formatters.Json.dll</FullName>
      <ModuleName>Microsoft.AspNet.Mvc.Formatters.Json</ModuleName>
      <Classes />
    </Module>
    <Module skippedDueTo="Filter" hash="F0-65-84-49-30-EE-D3-6F-99-3E-9F-0C-75-33-E4-04-AC-F6-BB-9F">
      <FullName>c:\Project\OTHERS\SimpleIdentityServer\SimpleIdentityServer\VNEXT\packages\Newtonsoft.Json\7.0.1\lib\net45\Newtonsoft.Json.dll</FullName>
      <ModuleName>Newtonsoft.Json</ModuleName>
      <Classes />
    </Module>
  </Modules>
</CoverageSession>